2025-05-30 20:19:52,039 - pyswarms.single.global_best - INFO - Optimize for 100 iters with {'c1': 0.5, 'c2': 0.3, 'w': 0.9}
2025-05-30 20:19:54,383 - pyswarms.single.global_best - INFO - Optimization finished | best cost: -753.3196019199187, best pos: [2.03242814e+01 6.33595156e+01 7.99610717e+02 5.36868276e+00
 1.48168281e-01]
2025-05-30 20:22:31,353 - pyswarms.single.global_best - INFO - Optimize for 100 iters with {'c1': 0.5, 'c2': 0.3, 'w': 0.9}
2025-05-30 20:22:33,876 - pyswarms.single.global_best - INFO - Optimization finished | best cost: -749.7400852815076, best pos: [2.70881954e+01 5.91393348e+01 7.99683803e+02 5.44643787e+00
 5.19536610e-03]
2025-05-30 20:29:07,577 - pyswarms.single.global_best - INFO - Optimize for 100 iters with {'c1': 0.5, 'c2': 0.3, 'w': 0.9}
2025-05-30 20:29:09,947 - pyswarms.single.global_best - INFO - Optimization finished | best cost: -766.0074600444079, best pos: [2.22076775e+01 6.33178864e+01 7.99535264e+02 5.27908861e+00
 4.65690674e-02]
2025-05-30 21:22:44,632 - pyswarms.single.global_best - INFO - Optimize for 100 iters with {'c1': 0.5, 'c2': 0.3, 'w': 0.9}
2025-05-30 21:22:47,055 - pyswarms.single.global_best - INFO - Optimization finished | best cost: -731.7309966251374, best pos: [2.82379123e+01 5.11886163e+01 7.99760377e+02 5.47817123e+00
 2.96374913e-02]
2025-05-30 21:36:10,052 - pyswarms.single.global_best - INFO - Optimize for 100 iters with {'c1': 0.5, 'c2': 0.3, 'w': 0.9}
2025-05-30 21:37:20,999 - pyswarms.single.global_best - INFO - Optimize for 100 iters with {'c1': 0.5, 'c2': 0.3, 'w': 0.9}
2025-05-30 21:38:39,181 - pyswarms.single.global_best - INFO - Optimize for 100 iters with {'c1': 0.5, 'c2': 0.3, 'w': 0.9}
2025-05-30 21:40:28,619 - pyswarms.single.global_best - INFO - Optimization finished | best cost: -0.9437196846248047, best pos: [0.05871659 0.32651403 0.6389692  0.86682466]
2025-05-30 21:41:08,974 - pyswarms.single.global_best - INFO - Optimize for 100 iters with {'c1': 0.5, 'c2': 0.3, 'w': 0.9}
2025-05-30 21:43:00,010 - pyswarms.single.global_best - INFO - Optimization finished | best cost: -696.3996657218705, best pos: [0.08232625 0.14707329 0.25789673 0.89967955]
2025-05-30 21:45:56,578 - pyswarms.single.global_best - INFO - Optimize for 100 iters with {'c1': 0.5, 'c2': 0.3, 'w': 0.9}
2025-05-30 21:47:46,504 - pyswarms.single.global_best - INFO - Optimization finished | best cost: -695.2154810159517, best pos: [0.08824815 0.51327987 0.45699367 0.84871143]
2025-05-30 21:51:58,547 - pyswarms.single.global_best - INFO - Optimize for 100 iters with {'c1': 0.5, 'c2': 0.3, 'w': 0.9}
2025-05-30 21:53:20,107 - pyswarms.single.global_best - INFO - Optimization finished | best cost: -695.2682897372455, best pos: [0.08955407 0.18841345 0.40398923 0.89120735]
